<?xml version="1.0" encoding="UTF-8"?>
<!-- Generated by org.testng.reporters.JUnitReportReporter -->
<testsuite skipped="0" hostname="Automation-Lab" name="example.TestSOAP" tests="1" failures="0" timestamp="28 Mar 2017 22:46:48 GMT" time="4.042" errors="0">
  <testcase name="testSOAPResponse" time="4.042" classname="example.TestSOAP"/>
</testsuite> <!-- example.TestSOAP -->
