<?xml version="1.0" encoding="UTF-8"?>
<!-- Generated by org.testng.reporters.JUnitReportReporter -->
<testsuite skipped="0" hostname="Automation-Lab" name="example.TestXML" tests="1" failures="0" timestamp="28 Mar 2017 13:26:38 GMT" time="1.296" errors="0">
  <testcase name="testXMLResponse" time="1.296" classname="example.TestXML"/>
</testsuite> <!-- example.TestXML -->
