<?xml version="1.0" encoding="UTF-8"?>
<!-- Generated by org.testng.reporters.JUnitReportReporter -->
<testsuite skipped="0" hostname="Automation-Lab" name="example.TestJSON" tests="1" failures="0" timestamp="28 Mar 2017 13:26:38 GMT" time="3.120" errors="0">
  <testcase name="testJSONResponse" time="3.120" classname="example.TestJSON"/>
</testsuite> <!-- example.TestJSON -->
