<?xml version="1.0" encoding="UTF-8"?>
<!-- Generated by org.testng.reporters.JUnitReportReporter -->
<testsuite skipped="0" hostname="Automation-Lab" name="example.NewTest" tests="1" failures="0" timestamp="28 Mar 2017 13:26:38 GMT" time="15.621" errors="0">
  <testcase name="testSearch" time="15.621" classname="example.NewTest"/>
</testsuite> <!-- example.NewTest -->
